have_struct_member: checking for rb_method_entry_t.body in method.h... -------------------- no

"x86_64-pc-linux-gnu-gcc -o conftest -I/usr/include/ruby-1.9.1/x86_64-linux -I/usr/include/ruby-1.9.1/ruby/backward -I/usr/include/ruby-1.9.1 -I.    -march=native -mtune=generic -O2 -pipe -fno-strict-aliasing -fPIC -DRB_ISEQ_COMPILE_6ARGS conftest.c  -L. -L/usr/lib64 -Wl,-R/usr/lib64 -L. -Wl,-O1 -Wl,--as-needed -rdynamic -Wl,-export-dynamic -Wl,--no-undefined     -Wl,-R -Wl,/usr/lib64 -L/usr/lib64 -lruby19-static  -lpthread -lrt -ldl -lcrypt -lm   -lc"
checked program was:
/* begin */
1: #include "ruby.h"
2: 
3: int main() {return 0;}
/* end */

"x86_64-pc-linux-gnu-gcc -I/usr/include/ruby-1.9.1/x86_64-linux -I/usr/include/ruby-1.9.1/ruby/backward -I/usr/include/ruby-1.9.1 -I.    -march=native -mtune=generic -O2 -pipe -fno-strict-aliasing -fPIC -DRB_ISEQ_COMPILE_6ARGS   -c conftest.c"
conftest.c:3:20: error: method.h: No such file or directory
conftest.c:7: error: 'rb_method_entry_t' undeclared here (not in a function)
conftest.c:7: error: expected expression before ')' token
checked program was:
/* begin */
1: #include "ruby.h"
2: 
3: #include <method.h>
4: 
5: /*top*/
6: int main() {return 0;}
7: int s = (char *)&((rb_method_entry_t*)0)->body - (char *)0;
/* end */

--------------------

have_header: checking for vm_core.h... -------------------- no

"x86_64-pc-linux-gnu-gcc -E -I/usr/include/ruby-1.9.1/x86_64-linux -I/usr/include/ruby-1.9.1/ruby/backward -I/usr/include/ruby-1.9.1 -I.    -march=native -mtune=generic -O2 -pipe -fno-strict-aliasing -fPIC -DRB_ISEQ_COMPILE_6ARGS  conftest.c -o conftest.i"
conftest.c:3:21: error: vm_core.h: No such file or directory
checked program was:
/* begin */
1: #include "ruby.h"
2: 
3: #include <vm_core.h>
/* end */

--------------------

have_struct_member: checking for rb_method_entry_t.body in method.h... -------------------- no

"x86_64-pc-linux-gnu-gcc -I/usr/include/ruby-1.9.1/x86_64-linux -I/usr/include/ruby-1.9.1/ruby/backward -I/usr/include/ruby-1.9.1 -I. -I/usr/include/ruby-1.9.1/ruby-1.9.2-p290 -march=native -mtune=generic -O2 -pipe -fno-strict-aliasing -fPIC -DRB_ISEQ_COMPILE_6ARGS   -c conftest.c"
conftest.c:7: error: 'rb_method_entry_t' has no member named 'body'
checked program was:
/* begin */
1: #include "ruby.h"
2: 
3: #include <method.h>
4: 
5: /*top*/
6: int main() {return 0;}
7: int s = (char *)&((rb_method_entry_t*)0)->body - (char *)0;
/* end */

--------------------

have_header: checking for vm_core.h... -------------------- yes

"x86_64-pc-linux-gnu-gcc -E -I/usr/include/ruby-1.9.1/x86_64-linux -I/usr/include/ruby-1.9.1/ruby/backward -I/usr/include/ruby-1.9.1 -I. -I/usr/include/ruby-1.9.1/ruby-1.9.2-p290 -march=native -mtune=generic -O2 -pipe -fno-strict-aliasing -fPIC -DRB_ISEQ_COMPILE_6ARGS  conftest.c -o conftest.i"
checked program was:
/* begin */
1: #include "ruby.h"
2: 
3: #include <vm_core.h>
/* end */

--------------------

have_header: checking for iseq.h... -------------------- yes

"x86_64-pc-linux-gnu-gcc -E -I/usr/include/ruby-1.9.1/x86_64-linux -I/usr/include/ruby-1.9.1/ruby/backward -I/usr/include/ruby-1.9.1 -I. -I/usr/include/ruby-1.9.1/ruby-1.9.2-p290 -march=native -mtune=generic -O2 -pipe -fno-strict-aliasing -fPIC -DRB_ISEQ_COMPILE_6ARGS  conftest.c -o conftest.i"
checked program was:
/* begin */
1: #include "ruby.h"
2: 
3: #include <iseq.h>
/* end */

--------------------

have_header: checking for insns.inc... -------------------- yes

"x86_64-pc-linux-gnu-gcc -E -I/usr/include/ruby-1.9.1/x86_64-linux -I/usr/include/ruby-1.9.1/ruby/backward -I/usr/include/ruby-1.9.1 -I. -I/usr/include/ruby-1.9.1/ruby-1.9.2-p290 -march=native -mtune=generic -O2 -pipe -fno-strict-aliasing -fPIC -DRB_ISEQ_COMPILE_6ARGS  conftest.c -o conftest.i"
checked program was:
/* begin */
1: #include "ruby.h"
2: 
3: #include <insns.inc>
/* end */

--------------------

have_header: checking for insns_info.inc... -------------------- yes

"x86_64-pc-linux-gnu-gcc -E -I/usr/include/ruby-1.9.1/x86_64-linux -I/usr/include/ruby-1.9.1/ruby/backward -I/usr/include/ruby-1.9.1 -I. -I/usr/include/ruby-1.9.1/ruby-1.9.2-p290 -march=native -mtune=generic -O2 -pipe -fno-strict-aliasing -fPIC -DRB_ISEQ_COMPILE_6ARGS  conftest.c -o conftest.i"
checked program was:
/* begin */
1: #include "ruby.h"
2: 
3: #include <insns_info.inc>
/* end */

--------------------

have_header: checking for eval_intern.h... -------------------- yes

"x86_64-pc-linux-gnu-gcc -E -I/usr/include/ruby-1.9.1/x86_64-linux -I/usr/include/ruby-1.9.1/ruby/backward -I/usr/include/ruby-1.9.1 -I. -I/usr/include/ruby-1.9.1/ruby-1.9.2-p290 -march=native -mtune=generic -O2 -pipe -fno-strict-aliasing -fPIC -DRB_ISEQ_COMPILE_6ARGS  conftest.c -o conftest.i"
checked program was:
/* begin */
1: #include "ruby.h"
2: 
3: #include <eval_intern.h>
/* end */

--------------------

